<?xml version="1.0" encoding="UTF-8"?>
<!-- Generated by org.testng.reporters.JUnitReportReporter -->
<testsuite hostname="LAPTOP-N7NAH9MI" failures="0" tests="1" name="com.opencart.testcases.PriceBsedPhoneSelector" time="10.027" errors="0" timestamp="2025-05-04T15:06:09 IST" skipped="0">
  <testcase classname="com.opencart.testcases.PriceBsedPhoneSelector" name="addingHighPricePhoneToCart" time="10.027"/>
  <system-out/>
</testsuite> <!-- com.opencart.testcases.PriceBsedPhoneSelector -->
