<?xml version="1.0" encoding="UTF-8"?>
<!-- Generated by org.testng.reporters.JUnitReportReporter -->
<testsuite hostname="LAPTOP-N7NAH9MI" failures="0" tests="2" name="com.opencart.testcases.PriceBsedPhoneSelector" time="29.535" errors="0" timestamp="2025-05-04T20:16:24 IST" skipped="0">
  <testcase classname="com.opencart.testcases.PriceBsedPhoneSelector" name="addingLowPricePhoneTocart" time="16.503"/>
  <system-out/>
  <testcase classname="com.opencart.testcases.PriceBsedPhoneSelector" name="addingHighPricePhoneToCart" time="13.032"/>
  <system-out/>
</testsuite> <!-- com.opencart.testcases.PriceBsedPhoneSelector -->
