<?xml version="1.0" encoding="UTF-8"?>
<!-- Generated by org.testng.reporters.JUnitReportReporter -->
<testsuite hostname="LAPTOP-N7NAH9MI" failures="0" tests="2" name="com.opencart.testcases.PriceBsedPhoneSelector" time="31.588" errors="0" timestamp="2025-05-04T19:46:37 IST" skipped="0">
  <testcase classname="com.opencart.testcases.PriceBsedPhoneSelector" name="addingHighPricePhoneToCart" time="12.274"/>
  <system-out/>
  <testcase classname="com.opencart.testcases.PriceBsedPhoneSelector" name="addingLowPricePhoneTocart" time="19.314"/>
  <system-out/>
</testsuite> <!-- com.opencart.testcases.PriceBsedPhoneSelector -->
