<?xml version="1.0" encoding="UTF-8"?>
<!-- Generated by org.testng.reporters.JUnitReportReporter -->
<testsuite hostname="LAPTOP-N7NAH9MI" failures="0" tests="1" name="com.opencart.testcases.HomePage" time="4.626" errors="0" timestamp="2025-05-03T22:28:52 IST" skipped="0">
  <testcase classname="com.opencart.testcases.HomePage" name="home" time="4.626"/>
  <system-out/>
</testsuite> <!-- com.opencart.testcases.HomePage -->
